38.432
9.65958
9.65958
9.65958
9.65913
9.65913
4.20593
4.20593
4.20593
1.84522
1.84534
1.84534
1.84534
1.84534
1.84534
1.84534
2.75569
1.99447
1.99447
1.57477
1.52489
1.4692
1.46922
1.4082
1.07936
1.07936
1.07936
1.07936
1.07936
1.07937
1.07937
0.747301
0.747301
0.747483
0.747483
0.747483
0.675551
0.296167
0.296167
0.296295
0.154493
0.154493
0.154493
0.154494
0.154661
0.154661
0.154661
0.154661
0.154661
0.154661
0.173862
0.146681
0.146681
0.146534
0.143399
0.138881
0.138881
0.138881
0.138881
0.137392
0.137392
0.137167
0.137167
0.137167
0.136697
0.136534
0.136497
0.136496
0.136496
0.136496
0.136496
0.136496
0.136496
0.136496
0.136496
0.136496
0.136496
0.136496
0.136496
0.136496
0.136496
0.136496
0.136496
0.132779
0.132779
0.132779
0.132779
0.132779
0.132779
0.1296
0.12692
0.12692
0.12692
0.12692
0.126166
0.118011
0.118011
0.118011
0.118011
0.118011
0.112627
0.104572
0.104572
0.104572
0.104572
0.0938974
0.0938862
0.0859509
0.0859509
0.0859509
0.086174
0.0672327
0.0672564
0.0545681
0.0346782
0.0346782
0.0346782
0.0346782
0.0346202
0.013855
0.013855
0.00739222
